# JRE version: OpenJDK Runtime Environment (8.0_202-b03) (build 1.8.0_202-release-1483-b03)
# Java VM: OpenJDK 64-Bit Server VM (25.202-b03 mixed mode windows-amd64 compressed oops)
Heap:
 PSYoungGen      total 212480K, used 89301K [0x00000000e0000000, 0x00000000f1b80000, 0x0000000100000000)
  eden space 194048K, 36% used [0x00000000e0000000,0x00000000e453d7a0,0x00000000ebd80000)
  from space 18432K, 99% used [0x00000000ebd80000,0x00000000ecf78020,0x00000000ecf80000)
  to   space 24576K, 0% used [0x00000000f0380000,0x00000000f0380000,0x00000000f1b80000)
 ParOldGen       total 132096K, used 48439K [0x00000000a0000000, 0x00000000a8100000, 0x00000000e0000000)
  object space 132096K, 36% used [0x00000000a0000000,0x00000000a2f4df98,0x00000000a8100000)
 Metaspace       used 65064K, capacity 68472K, committed 68648K, reserved 1107968K
  class space    used 8927K, capacity 9770K, committed 9776K, reserved 1048576K
GC Heap History (10 events):
Event: 20.464 GC heap before
{Heap before GC invocations=12 (full 2):
 PSYoungGen      total 121856K, used 110080K [0x00000000e0000000, 0x00000000eb480000, 0x0000000100000000)
  eden space 110080K, 100% used [0x00000000e0000000,0x00000000e6b80000,0x00000000e6b80000)
  from space 11776K, 0% used [0x00000000e6b80000,0x00000000e6b80000,0x00000000e7700000)
  to   space 13312K, 0% used [0x00000000ea780000,0x00000000ea780000,0x00000000eb480000)
 ParOldGen       total 84480K, used 18386K [0x00000000a0000000, 0x00000000a5280000, 0x00000000e0000000)
  object space 84480K, 21% used [0x00000000a0000000,0x00000000a11f4920,0x00000000a5280000)
 Metaspace       used 45129K, capacity 46144K, committed 46376K, reserved 1089536K
  class space    used 6035K, capacity 6331K, committed 6448K, reserved 1048576K
Event: 20.501 GC heap after
Heap after GC invocations=12 (full 2):
 PSYoungGen      total 159232K, used 13284K [0x00000000e0000000, 0x00000000eb480000, 0x0000000100000000)
  eden space 145920K, 0% used [0x00000000e0000000,0x00000000e0000000,0x00000000e8e80000)
  from space 13312K, 99% used [0x00000000ea780000,0x00000000eb479138,0x00000000eb480000)
  to   space 14848K, 0% used [0x00000000e9780000,0x00000000e9780000,0x00000000ea600000)
 ParOldGen       total 84480K, used 18896K [0x00000000a0000000, 0x00000000a5280000, 0x00000000e0000000)
  object space 84480K, 22% used [0x00000000a0000000,0x00000000a1274210,0x00000000a5280000)
 Metaspace       used 45129K, capacity 46144K, committed 46376K, reserved 1089536K
  class space    used 6035K, capacity 6331K, committed 6448K, reserved 1048576K
}
Event: 24.406 GC heap before
{Heap before GC invocations=13 (full 2):
 PSYoungGen      total 159232K, used 159204K [0x00000000e0000000, 0x00000000eb480000, 0x0000000100000000)
  eden space 145920K, 100% used [0x00000000e0000000,0x00000000e8e80000,0x00000000e8e80000)
  from space 13312K, 99% used [0x00000000ea780000,0x00000000eb479138,0x00000000eb480000)
  to   space 14848K, 0% used [0x00000000e9780000,0x00000000e9780000,0x00000000ea600000)
 ParOldGen       total 84480K, used 18896K [0x00000000a0000000, 0x00000000a5280000, 0x00000000e0000000)
  object space 84480K, 22% used [0x00000000a0000000,0x00000000a1274210,0x00000000a5280000)
 Metaspace       used 53482K, capacity 55190K, committed 55336K, reserved 1097728K
  class space    used 7269K, capacity 7702K, committed 7728K, reserved 1048576K
Event: 24.477 GC heap after
Heap after GC invocations=13 (full 2):
 PSYoungGen      total 169984K, used 14846K [0x00000000e0000000, 0x00000000ee200000, 0x0000000100000000)
  eden space 155136K, 0% used [0x00000000e0000000,0x00000000e0000000,0x00000000e9780000)
  from space 14848K, 99% used [0x00000000e9780000,0x00000000ea5ffa68,0x00000000ea600000)
  to   space 18944K, 0% used [0x00000000ecf80000,0x00000000ecf80000,0x00000000ee200000)
 ParOldGen       total 84480K, used 25187K [0x00000000a0000000, 0x00000000a5280000, 0x00000000e0000000)
  object space 84480K, 29% used [0x00000000a0000000,0x00000000a1898d70,0x00000000a5280000)
 Metaspace       used 53482K, capacity 55190K, committed 55336K, reserved 1097728K
  class space    used 7269K, capacity 7702K, committed 7728K, reserved 1048576K
}
Event: 27.408 GC heap before
{Heap before GC invocations=14 (full 2):
 PSYoungGen      total 169984K, used 118256K [0x00000000e0000000, 0x00000000ee200000, 0x0000000100000000)
  eden space 155136K, 66% used [0x00000000e0000000,0x00000000e64fc898,0x00000000e9780000)
  from space 14848K, 99% used [0x00000000e9780000,0x00000000ea5ffa68,0x00000000ea600000)
  to   space 18944K, 0% used [0x00000000ecf80000,0x00000000ecf80000,0x00000000ee200000)
 ParOldGen       total 84480K, used 25187K [0x00000000a0000000, 0x00000000a5280000, 0x00000000e0000000)
  object space 84480K, 29% used [0x00000000a0000000,0x00000000a1898d70,0x00000000a5280000)
 Metaspace       used 57049K, capacity 59028K, committed 59160K, reserved 1099776K
  class space    used 7738K, capacity 8296K, committed 8368K, reserved 1048576K
Event: 27.484 GC heap after
Heap after GC invocations=14 (full 2):
 PSYoungGen      total 212992K, used 10201K [0x00000000e0000000, 0x00000000ef000000, 0x0000000100000000)
  eden space 194048K, 0% used [0x00000000e0000000,0x00000000e0000000,0x00000000ebd80000)
  from space 18944K, 53% used [0x00000000ecf80000,0x00000000ed976490,0x00000000ee200000)
  to   space 18432K, 0% used [0x00000000ebd80000,0x00000000ebd80000,0x00000000ecf80000)
 ParOldGen       total 84480K, used 33400K [0x00000000a0000000, 0x00000000a5280000, 0x00000000e0000000)
  object space 84480K, 39% used [0x00000000a0000000,0x00000000a209e0e8,0x00000000a5280000)
 Metaspace       used 57049K, capacity 59028K, committed 59160K, reserved 1099776K
  class space    used 7738K, capacity 8296K, committed 8368K, reserved 1048576K
}
Event: 27.484 GC heap before
{Heap before GC invocations=15 (full 3):
 PSYoungGen      total 212992K, used 10201K [0x00000000e0000000, 0x00000000ef000000, 0x0000000100000000)
  eden space 194048K, 0% used [0x00000000e0000000,0x00000000e0000000,0x00000000ebd80000)
  from space 18944K, 53% used [0x00000000ecf80000,0x00000000ed976490,0x00000000ee200000)
  to   space 18432K, 0% used [0x00000000ebd80000,0x00000000ebd80000,0x00000000ecf80000)
 ParOldGen       total 84480K, used 33400K [0x00000000a0000000, 0x00000000a5280000, 0x00000000e0000000)
  object space 84480K, 39% used [0x00000000a0000000,0x00000000a209e0e8,0x00000000a5280000)
 Metaspace       used 57049K, capacity 59028K, committed 59160K, reserved 1099776K
  class space    used 7738K, capacity 8296K, committed 8368K, reserved 1048576K
Event: 28.137 GC heap after
Heap after GC invocations=15 (full 3):
 PSYoungGen      total 212992K, used 0K [0x00000000e0000000, 0x00000000ef000000, 0x0000000100000000)
  eden space 194048K, 0% used [0x00000000e0000000,0x00000000e0000000,0x00000000ebd80000)
  from space 18944K, 0% used [0x00000000ecf80000,0x00000000ecf80000,0x00000000ee200000)
  to   space 18432K, 0% used [0x00000000ebd80000,0x00000000ebd80000,0x00000000ecf80000)
 ParOldGen       total 132096K, used 39055K [0x00000000a0000000, 0x00000000a8100000, 0x00000000e0000000)
  object space 132096K, 29% used [0x00000000a0000000,0x00000000a2623f58,0x00000000a8100000)
 Metaspace       used 57049K, capacity 59028K, committed 59160K, reserved 1099776K
  class space    used 7738K, capacity 8296K, committed 8368K, reserved 1048576K
}
Event: 35.289 GC heap before
{Heap before GC invocations=16 (full 3):
 PSYoungGen      total 212992K, used 194048K [0x00000000e0000000, 0x00000000ef000000, 0x0000000100000000)
  eden space 194048K, 100% used [0x00000000e0000000,0x00000000ebd80000,0x00000000ebd80000)
  from space 18944K, 0% used [0x00000000ecf80000,0x00000000ecf80000,0x00000000ee200000)
  to   space 18432K, 0% used [0x00000000ebd80000,0x00000000ebd80000,0x00000000ecf80000)
 ParOldGen       total 132096K, used 39055K [0x00000000a0000000, 0x00000000a8100000, 0x00000000e0000000)
  object space 132096K, 29% used [0x00000000a0000000,0x00000000a2623f58,0x00000000a8100000)
 Metaspace       used 63445K, capacity 66420K, committed 66600K, reserved 1105920K
  class space    used 8657K, capacity 9418K, committed 9520K, reserved 1048576K
Event: 35.439 GC heap after
Heap after GC invocations=16 (full 3):
 PSYoungGen      total 212480K, used 18400K [0x00000000e0000000, 0x00000000f1b80000, 0x0000000100000000)
  eden space 194048K, 0% used [0x00000000e0000000,0x00000000e0000000,0x00000000ebd80000)
  from space 18432K, 99% used [0x00000000ebd80000,0x00000000ecf78020,0x00000000ecf80000)
  to   space 24576K, 0% used [0x00000000f0380000,0x00000000f0380000,0x00000000f1b80000)
 ParOldGen       total 132096K, used 48439K [0x00000000a0000000, 0x00000000a8100000, 0x00000000e0000000)
  object space 132096K, 36% used [0x00000000a0000000,0x00000000a2f4df98,0x00000000a8100000)
 Metaspace       used 63445K, capacity 66420K, committed 66600K, reserved 1105920K
  class space    used 8657K, capacity 9418K, committed 9520K, reserved 1048576K
}

